<?xml version="1.0" encoding="UTF-8"?>
<testng-results ignored="15" total="16" passed="1" failed="0" skipped="0">
  <reporter-output>
  </reporter-output>
  <suite started-at="2023-07-02T15:28:54 IST" name="Default suite" finished-at="2023-07-02T15:29:00 IST" duration-ms="5582">
    <groups>
    </groups>
    <test started-at="2023-07-02T15:28:54 IST" name="Default test" finished-at="2023-07-02T15:29:00 IST" duration-ms="5582">
      <class name="Github_API_test.Github_api_test">
        <test-method signature="Create_Fork()[pri:0, instance:Github_API_test.Github_api_test@2a3b5b47]" started-at="2023-07-02T15:28:55 IST" name="Create_Fork" finished-at="2023-07-02T15:29:00 IST" duration-ms="5439" status="PASS">
          <reporter-output>
          </reporter-output>
        </test-method> <!-- Create_Fork -->
      </class> <!-- Github_API_test.Github_api_test -->
    </test> <!-- Default test -->
  </suite> <!-- Default suite -->
</testng-results>
