<?xml version="1.0" encoding="UTF-8"?>
<!-- Generated by org.testng.reporters.JUnitXMLReporter -->
<testsuite ignored="15" hostname="Rajesh" failures="0" tests="1" name="Default test" time="5.582" errors="0" timestamp="2023-07-02T15:29:00 IST">
  <testcase classname="Github_API_test.Github_api_test" name="Create_Fork" time="5.439"/>
  <testcase classname="Github_API_test.Github_api_test" name="List_of_Fork" time="0.0">
    <ignored/>
  </testcase> <!-- List_of_Fork -->
  <testcase classname="Github_API_test.Github_api_test" name="Get_all_repos_topics" time="0.0">
    <ignored/>
  </testcase> <!-- Get_all_repos_topics -->
  <testcase classname="Github_API_test.Github_api_test" name="Replace_all_repos_topics" time="0.0">
    <ignored/>
  </testcase> <!-- Replace_all_repos_topics -->
  <testcase classname="Github_API_test.Github_api_test" name="Create_an_AutoLink_Reference_for_an_repos" time="0.0">
    <ignored/>
  </testcase> <!-- Create_an_AutoLink_Reference_for_an_repos -->
  <testcase classname="Github_API_test.Github_api_test" name="List_of_repo_for_users" time="0.0">
    <ignored/>
  </testcase> <!-- List_of_repo_for_users -->
  <testcase classname="Github_API_test.Github_api_test" name="get_test" time="0.0">
    <ignored/>
  </testcase> <!-- get_test -->
  <testcase classname="Github_API_test.Github_api_test" name="Get_an_auto_link_reference_of_repos" time="0.0">
    <ignored/>
  </testcase> <!-- Get_an_auto_link_reference_of_repos -->
  <testcase classname="Github_API_test.Github_api_test" name="List_Reposatory_tags" time="0.0">
    <ignored/>
  </testcase> <!-- List_Reposatory_tags -->
  <testcase classname="Github_API_test.Github_api_test" name="List_Repo_Languages" time="0.0">
    <ignored/>
  </testcase> <!-- List_Repo_Languages -->
  <testcase classname="Github_API_test.Github_api_test" name="Get_Repo" time="0.0">
    <ignored/>
  </testcase> <!-- Get_Repo -->
  <testcase classname="Github_API_test.Github_api_test" name="git_update_repository" time="0.0">
    <ignored/>
  </testcase> <!-- git_update_repository -->
  <testcase classname="Github_API_test.Github_api_test" name="Get_a_repos" time="0.0">
    <ignored/>
  </testcase> <!-- Get_a_repos -->
  <testcase classname="Github_API_test.Github_api_test" name="Delete_an_auto_link_from_a_repos" time="0.0">
    <ignored/>
  </testcase> <!-- Delete_an_auto_link_from_a_repos -->
  <testcase classname="Github_API_test.Github_api_test" name="List_Public_Repos" time="0.0">
    <ignored/>
  </testcase> <!-- List_Public_Repos -->
  <testcase classname="Github_API_test.Github_api_test" name="Delete_Repo" time="0.0">
    <ignored/>
  </testcase> <!-- Delete_Repo -->
</testsuite> <!-- Default test -->
